0 info it worked if it ends with ok
1 verbose cli [ '/usr/local/Cellar/iojs/2.3.4/bin/iojs',
1 verbose cli   '/usr/local/bin/npm',
1 verbose cli   'publish' ]
2 info using npm@2.11.3
3 info using node@v2.3.4
4 verbose publish [ '.' ]
5 silly cache add args [ '.', null ]
6 verbose cache add spec .
7 silly cache add parsed spec { raw: '.',
7 silly cache add   scope: null,
7 silly cache add   name: null,
7 silly cache add   rawSpec: '.',
7 silly cache add   spec: '/Users/liubin/react-native-phone-picker',
7 silly cache add   type: 'directory' }
8 verbose addLocalDirectory /Users/liubin/.npm/react-native-phone-picker/0.0.1/package.tgz not in flight; packing
9 verbose tar pack [ '/Users/liubin/.npm/react-native-phone-picker/0.0.1/package.tgz',
9 verbose tar pack   '/Users/liubin/react-native-phone-picker' ]
10 verbose tarball /Users/liubin/.npm/react-native-phone-picker/0.0.1/package.tgz
11 verbose folder /Users/liubin/react-native-phone-picker
12 info prepublish react-native-phone-picker@0.0.1
13 verbose addLocalTarball adding from inside cache /Users/liubin/.npm/react-native-phone-picker/0.0.1/package.tgz
14 silly cache afterAdd react-native-phone-picker@0.0.1
15 verbose afterAdd /Users/liubin/.npm/react-native-phone-picker/0.0.1/package/package.json not in flight; writing
16 verbose afterAdd /Users/liubin/.npm/react-native-phone-picker/0.0.1/package/package.json written
17 silly publish { name: 'react-native-phone-picker',
17 silly publish   version: '0.0.1',
17 silly publish   description: 'React Native component for select phone number from address book',
17 silly publish   main: 'index.js',
17 silly publish   scripts: { test: 'echo "Error: no test specified" && exit 1' },
17 silly publish   repository:
17 silly publish    { type: 'git',
17 silly publish      url: 'git+https://github.com/Spikef/react-native-phone-picker.git' },
17 silly publish   keywords: [ 'react-component', 'react-native', 'ios', 'address', 'phone' ],
17 silly publish   author: { name: 'Spikef', email: 'Spikef@Foxmail.com' },
17 silly publish   license: 'MIT',
17 silly publish   bugs: { url: 'https://github.com/silentcloud/react-native-phone-picker/issues' },
17 silly publish   peerDependencies: { 'react-native': '>=0.7' },
17 silly publish   readme: '# react-native-phone-picker\n\nReact Native component for select phone number from address book\n\n用于React Native的通讯录手机号选取模块\n\n![image](https://github.com/Spikef/react-native-phone-picker/raw/master/screenshots.gif)\n\n## Usage\n\n```javascript\nnpm install react-native-phone-picker --save\n```\n\nIn XCode, in the project navigator, right click Libraries ➜ Add Files to [your project\'s name], Go to node_modules ➜ react-native-clipboard and add the `RNPhonePicker.xcodeproj` file\n\nIn XCode, in the project navigator, select your project. Add the lib*.a from the RNPhonePicker project to your project\'s Build Phases ➜ Link Binary With Libraries Click `RNPhonePicker.xcodeproj` file you added before in the project navigator and go the Build Settings tab. Make sure \'All\' is toggled on (instead of \'Basic\'). Look for Header Search Paths and make sure it contains  both $(SRCROOT)/../react-native/React and $(SRCROOT)/../../React - mark both as recursive.\n\nRun your project (Cmd+R)\n\n## Examples\n\n```javascript\n\nvar PhonePicker = require(\'react-native-phone-picker\');\nPhonePicker.select(function(phone) {\n    phone = phone.replace(/[^\\d]/g, \'\');\n    if (phone && /^1[3|4|5|6|7|8|9][0-9]\\d{8}$/.test(phone)) {\n        console.log(phone);\n    }\n})\n```\n\n',
17 silly publish   readmeFilename: 'README.md',
17 silly publish   gitHead: '0ec0987c20679c2c50a506fb7d98ba27d28d2c34',
17 silly publish   homepage: 'https://github.com/Spikef/react-native-phone-picker#readme',
17 silly publish   _id: 'react-native-phone-picker@0.0.1',
17 silly publish   _shasum: '1c9fe133bf9fc3de94c25f41fe53eea414aabc12',
17 silly publish   _from: '.' }
18 verbose getPublishConfig undefined
19 silly mapToRegistry name react-native-phone-picker
20 silly mapToRegistry using default registry
21 silly mapToRegistry registry https://registry.npmjs.org/
22 silly mapToRegistry uri https://registry.npmjs.org/react-native-phone-picker
23 verbose publish registryBase https://registry.npmjs.org/
24 silly publish uploading /Users/liubin/.npm/react-native-phone-picker/0.0.1/package.tgz
25 verbose request uri https://registry.npmjs.org/react-native-phone-picker
26 verbose request sending authorization for write operation
27 info attempt registry request try #1 at 13:30:00
28 verbose request using bearer token for auth
29 verbose request id 6caff97526ecfcee
30 http request PUT https://registry.npmjs.org/react-native-phone-picker
31 http 403 https://registry.npmjs.org/react-native-phone-picker
32 verbose headers { 'content-type': 'application/json',
32 verbose headers   'cache-control': 'max-age=60',
32 verbose headers   'content-length': '95',
32 verbose headers   'accept-ranges': 'bytes',
32 verbose headers   date: 'Sun, 30 Aug 2015 05:30:03 GMT',
32 verbose headers   via: '1.1 varnish',
32 verbose headers   connection: 'keep-alive',
32 verbose headers   'x-served-by': 'cache-nrt6121-NRT',
32 verbose headers   'x-cache': 'MISS',
32 verbose headers   'x-cache-hits': '0',
32 verbose headers   'x-timer': 'S1440912599.865522,VS0,VE4048' }
33 verbose request invalidating /Users/liubin/.npm/registry.npmjs.org/react-native-phone-picker on PUT
34 error publish Failed PUT 403
35 verbose stack Error: "You cannot publish over the previously published version 0.0.1." : react-native-phone-picker
35 verbose stack     at CachingRegistryClient.<anonymous> (/usr/local/lib/node_modules/npm/node_modules/npm-registry-client/lib/request.js:247:14)
35 verbose stack     at Request._callback (/usr/local/lib/node_modules/npm/node_modules/npm-registry-client/lib/request.js:170:14)
35 verbose stack     at Request.self.callback (/usr/local/lib/node_modules/npm/node_modules/request/request.js:354:22)
35 verbose stack     at emitTwo (events.js:87:13)
35 verbose stack     at Request.emit (events.js:172:7)
35 verbose stack     at Request.<anonymous> (/usr/local/lib/node_modules/npm/node_modules/request/request.js:1207:14)
35 verbose stack     at emitOne (events.js:82:20)
35 verbose stack     at Request.emit (events.js:169:7)
35 verbose stack     at IncomingMessage.<anonymous> (/usr/local/lib/node_modules/npm/node_modules/request/request.js:1153:12)
35 verbose stack     at emitNone (events.js:72:20)
36 verbose statusCode 403
37 verbose pkgid react-native-phone-picker
38 verbose cwd /Users/liubin/react-native-phone-picker
39 error Darwin 14.4.0
40 error argv "/usr/local/Cellar/iojs/2.3.4/bin/iojs" "/usr/local/bin/npm" "publish"
41 error node v2.3.4
42 error npm  v2.11.3
43 error code E403
44 error "You cannot publish over the previously published version 0.0.1." : react-native-phone-picker
45 error If you need help, you may report this error at:
45 error     <https://github.com/npm/npm/issues>
46 verbose exit [ 1, true ]
